<?xml version="1.0" encoding="UTF-8"?>
<testng-results skipped="0" failed="0" total="0" passed="0">
  <reporter-output>
  </reporter-output>
  <suite name="Init web browser" duration-ms="47" started-at="2014-12-03T10:33:02Z" finished-at="2014-12-03T10:33:02Z">
    <groups>
    </groups>
    <test name="Init configuration" duration-ms="0" started-at="2014-12-03T10:33:02Z" finished-at="2014-12-03T10:33:02Z">
    </test> <!-- Init configuration -->
    <test name="Open browser" duration-ms="0" started-at="2014-12-03T10:33:02Z" finished-at="2014-12-03T10:33:02Z">
    </test> <!-- Open browser -->
    <test name="Close browser" duration-ms="0" started-at="2014-12-03T10:33:02Z" finished-at="2014-12-03T10:33:02Z">
      <class name="com.seta.automation.browser.CloseBrowser">
        <test-method status="PASS" signature="AfterSuite()[pri:0, instance:com.seta.automation.browser.CloseBrowser@c62333]" name="AfterSuite" is-config="true" duration-ms="10203" started-at="2014-12-03T17:33:02Z" finished-at="2014-12-03T17:33:12Z">
          <reporter-output>
          </reporter-output>
        </test-method> <!-- AfterSuite -->
      </class> <!-- com.seta.automation.browser.CloseBrowser -->
      <class name="com.seta.automation.config.Config">
        <test-method status="PASS" signature="loadDefaultConfig()[pri:0, instance:Config [browser=null, domConfigurator=null, baseUrl=null]]" name="loadDefaultConfig" is-config="true" duration-ms="203" started-at="2014-12-03T17:32:52Z" finished-at="2014-12-03T17:32:52Z">
          <reporter-output>
          </reporter-output>
        </test-method> <!-- loadDefaultConfig -->
        <test-method status="PASS" signature="BeforeSuite()[pri:0, instance:com.seta.automation.browser.InitBrowser@1bf011e]" name="BeforeSuite" is-config="true" duration-ms="9719" started-at="2014-12-03T17:32:52Z" finished-at="2014-12-03T17:33:02Z">
          <reporter-output>
          </reporter-output>
        </test-method> <!-- BeforeSuite -->
      </class> <!-- com.seta.automation.config.Config -->
    </test> <!-- Close browser -->
  </suite> <!-- Init web browser -->
</testng-results>
